
> vibe-generated-app@1.0.0 dev
> vite


  VITE v5.4.20  ready in 342 ms

  ➜  Local:   http://localhost:3000/
  ➜  Network: http://172.20.19.118:3000/
11:45:36 AM [vite] Pre-transform error: Failed to resolve import "gsap" from "src/components/Numbers.jsx". Does the file exist?
11:45:36 AM [vite] Pre-transform error: Failed to resolve import "gsap" from "src/components/Header.jsx". Does the file exist?
11:45:36 AM [vite] Pre-transform error: Failed to resolve import "gsap" from "src/components/Hero.jsx". Does the file exist?
11:45:38 AM [vite] Internal server error: Failed to resolve import "gsap" from "src/components/Header.jsx". Does the file exist?
  Plugin: vite:import-analysis
  File: /home/workspace/src/components/Header.jsx:4:21
  3  |  import { motion } from "framer-motion";
  4  |  import { Library, Search, Phone, Menu } from "lucide-react";
  5  |  import { gsap } from "gsap";
     |                        ^
  6  |  export default function Header() {
  7  |    const barRef = useRef(null);
      at TransformPluginContext._formatError (file:///home/workspace/node_modules/vite/dist/node/chunks/dep-D_zLpgQd.js:49258:41)
      at TransformPluginContext.error (file:///home/workspace/node_modules/vite/dist/node/chunks/dep-D_zLpgQd.js:49253:16)
      at normalizeUrl (file:///home/workspace/node_modules/vite/dist/node/chunks/dep-D_zLpgQd.js:64306:23)
      at process.processTicksAndRejections (node:internal/process/task_queues:105:5)
      at async file:///home/workspace/node_modules/vite/dist/node/chunks/dep-D_zLpgQd.js:64438:39
      at async Promise.all (index 4)
      at async TransformPluginContext.transform (file:///home/workspace/node_modules/vite/dist/node/chunks/dep-D_zLpgQd.js:64365:7)
      at async PluginContainer.transform (file:///home/workspace/node_modules/vite/dist/node/chunks/dep-D_zLpgQd.js:49099:18)
      at async loadAndTransform (file:///home/workspace/node_modules/vite/dist/node/chunks/dep-D_zLpgQd.js:51977:27)
      at async viteTransformMiddleware (file:///home/workspace/node_modules/vite/dist/node/chunks/dep-D_zLpgQd.js:62105:24)
11:45:38 AM [vite] Internal server error: Failed to resolve import "gsap" from "src/components/Hero.jsx". Does the file exist?
  Plugin: vite:import-analysis
  File: /home/workspace/src/components/Hero.jsx:4:21
  3  |  import { motion } from "framer-motion";
  4  |  import Spline from "@splinetool/react-spline";
  5  |  import { gsap } from "gsap";
     |                        ^
  6  |  export default function Hero() {
  7  |    const headlineRef = useRef(null);
      at TransformPluginContext._formatError (file:///home/workspace/node_modules/vite/dist/node/chunks/dep-D_zLpgQd.js:49258:41)
      at TransformPluginContext.error (file:///home/workspace/node_modules/vite/dist/node/chunks/dep-D_zLpgQd.js:49253:16)
      at normalizeUrl (file:///home/workspace/node_modules/vite/dist/node/chunks/dep-D_zLpgQd.js:64306:23)
      at process.processTicksAndRejections (node:internal/process/task_queues:105:5)
      at async file:///home/workspace/node_modules/vite/dist/node/chunks/dep-D_zLpgQd.js:64438:39
      at async Promise.all (index 4)
      at async TransformPluginContext.transform (file:///home/workspace/node_modules/vite/dist/node/chunks/dep-D_zLpgQd.js:64365:7)
      at async PluginContainer.transform (file:///home/workspace/node_modules/vite/dist/node/chunks/dep-D_zLpgQd.js:49099:18)
      at async loadAndTransform (file:///home/workspace/node_modules/vite/dist/node/chunks/dep-D_zLpgQd.js:51977:27)
      at async viteTransformMiddleware (file:///home/workspace/node_modules/vite/dist/node/chunks/dep-D_zLpgQd.js:62105:24)
11:45:38 AM [vite] Internal server error: Failed to resolve import "gsap" from "src/components/Numbers.jsx". Does the file exist?
  Plugin: vite:import-analysis
  File: /home/workspace/src/components/Numbers.jsx:3:21
  2  |  import { useEffect, useRef } from "react";
  3  |  import { motion, useAnimation } from "framer-motion";
  4  |  import { gsap } from "gsap";
     |                        ^
  5  |  function useCountUp(target = 1e3, duration = 1.6) {
  6  |    const ref = useRef(null);
      at TransformPluginContext._formatError (file:///home/workspace/node_modules/vite/dist/node/chunks/dep-D_zLpgQd.js:49258:41)
      at TransformPluginContext.error (file:///home/workspace/node_modules/vite/dist/node/chunks/dep-D_zLpgQd.js:49253:16)
      at normalizeUrl (file:///home/workspace/node_modules/vite/dist/node/chunks/dep-D_zLpgQd.js:64306:23)
      at process.processTicksAndRejections (node:internal/process/task_queues:105:5)
      at async file:///home/workspace/node_modules/vite/dist/node/chunks/dep-D_zLpgQd.js:64438:39
      at async Promise.all (index 3)
      at async TransformPluginContext.transform (file:///home/workspace/node_modules/vite/dist/node/chunks/dep-D_zLpgQd.js:64365:7)
      at async PluginContainer.transform (file:///home/workspace/node_modules/vite/dist/node/chunks/dep-D_zLpgQd.js:49099:18)
      at async loadAndTransform (file:///home/workspace/node_modules/vite/dist/node/chunks/dep-D_zLpgQd.js:51977:27)
      at async viteTransformMiddleware (file:///home/workspace/node_modules/vite/dist/node/chunks/dep-D_zLpgQd.js:62105:24)
